<?xml version="1.0" encoding="utf-8"?><testsuites name="pytest tests"><testsuite name="pytest" errors="0" failures="0" skipped="0" tests="7" time="1.203" timestamp="2026-06-14T19:02:27.945215+00:00" hostname="agent-env-81b278ff-74ad-498f-b706-0ae9e6cdc067"><testcase classname="backend.tests.test_backend_apis.TestHealth" name="test_health_endpoint" time="0.230" /><testcase classname="backend.tests.test_backend_apis.TestContact" name="test_contact_success" time="0.170" /><testcase classname="backend.tests.test_backend_apis.TestContact" name="test_contact_minimal_required" time="0.158" /><testcase classname="backend.tests.test_backend_apis.TestContact" name="test_contact_validation_missing_fields" time="0.138" /><testcase classname="backend.tests.test_backend_apis.TestApply" name="test_apply_without_resume" time="0.145" /><testcase classname="backend.tests.test_backend_apis.TestApply" name="test_apply_with_resume" time="0.146" /><testcase classname="backend.tests.test_backend_apis.TestApply" name="test_apply_validation_missing_fields" time="0.114" /></testsuite></testsuites>