<?xml version="1.0" encoding="utf-8"?><testsuites name="pytest tests"><testsuite name="pytest" errors="0" failures="0" skipped="0" tests="7" time="1.053" timestamp="2026-06-13T19:52:31.341431+00:00" hostname="agent-env-81b278ff-74ad-498f-b706-0ae9e6cdc067"><testcase classname="backend.tests.test_backend_apis.TestHealth" name="test_health_endpoint" time="0.157" /><testcase classname="backend.tests.test_backend_apis.TestContact" name="test_contact_success" time="0.144" /><testcase classname="backend.tests.test_backend_apis.TestContact" name="test_contact_minimal_required" time="0.127" /><testcase classname="backend.tests.test_backend_apis.TestContact" name="test_contact_validation_missing_fields" time="0.109" /><testcase classname="backend.tests.test_backend_apis.TestApply" name="test_apply_without_resume" time="0.109" /><testcase classname="backend.tests.test_backend_apis.TestApply" name="test_apply_with_resume" time="0.105" /><testcase classname="backend.tests.test_backend_apis.TestApply" name="test_apply_validation_missing_fields" time="0.112" /></testsuite></testsuites>